# JRE version: OpenJDK Runtime Environment (11.0.13) (build 11.0.13+0-b1751.21-8125866)
# Java VM: OpenJDK 64-Bit Server VM (11.0.13+0-b1751.21-8125866, mixed mode, tiered, compressed oops, g1 gc, windows-amd64)
Heap:
 garbage-first heap   total 626688K, used 41364K [0x0000000603000000, 0x0000000800000000)
  region size 2048K, 7 young (14336K), 7 survivors (14336K)
 Metaspace       used 51601K, capacity 52162K, committed 52432K, reserved 1095680K
  class space    used 5898K, capacity 6116K, committed 6144K, reserved 1048576K
GC Heap History (11 events):
Event: 0.448 GC heap before
{Heap before GC invocations=0 (full 0):
 garbage-first heap   total 522240K, used 26624K [0x0000000603000000, 0x0000000800000000)
  region size 2048K, 12 young (24576K), 0 survivors (0K)
 Metaspace       used 11799K, capacity 11858K, committed 12160K, reserved 1060864K
  class space    used 1043K, capacity 1077K, committed 1152K, reserved 1048576K
}
Event: 0.450 GC heap after
{Heap after GC invocations=1 (full 0):
 garbage-first heap   total 522240K, used 7254K [0x0000000603000000, 0x0000000800000000)
  region size 2048K, 2 young (4096K), 2 survivors (4096K)
 Metaspace       used 11799K, capacity 11858K, committed 12160K, reserved 1060864K
  class space    used 1043K, capacity 1077K, committed 1152K, reserved 1048576K
}
Event: 0.933 GC heap before
{Heap before GC invocations=1 (full 0):
 garbage-first heap   total 522240K, used 46166K [0x0000000603000000, 0x0000000800000000)
  region size 2048K, 22 young (45056K), 2 survivors (4096K)
 Metaspace       used 20973K, capacity 21188K, committed 21248K, reserved 1069056K
  class space    used 2218K, capacity 2303K, committed 2304K, reserved 1048576K
}
Event: 0.942 GC heap after
{Heap after GC invocations=2 (full 0):
 garbage-first heap   total 522240K, used 10919K [0x0000000603000000, 0x0000000800000000)
  region size 2048K, 4 young (8192K), 4 survivors (8192K)
 Metaspace       used 20973K, capacity 21188K, committed 21248K, reserved 1069056K
  class space    used 2218K, capacity 2303K, committed 2304K, reserved 1048576K
}
Event: 1.718 GC heap before
{Heap before GC invocations=3 (full 0):
 garbage-first heap   total 522240K, used 70311K [0x0000000603000000, 0x0000000800000000)
  region size 2048K, 30 young (61440K), 4 survivors (8192K)
 Metaspace       used 33865K, capacity 34309K, committed 34428K, reserved 1079296K
  class space    used 4183K, capacity 4370K, committed 4480K, reserved 1048576K
}
Event: 1.729 GC heap after
{Heap after GC invocations=4 (full 0):
 garbage-first heap   total 522240K, used 23004K [0x0000000603000000, 0x0000000800000000)
  region size 2048K, 4 young (8192K), 4 survivors (8192K)
 Metaspace       used 33865K, capacity 34309K, committed 34428K, reserved 1079296K
  class space    used 4183K, capacity 4370K, committed 4480K, reserved 1048576K
}
Event: 1.867 GC heap before
{Heap before GC invocations=4 (full 0):
 garbage-first heap   total 522240K, used 33244K [0x0000000603000000, 0x0000000800000000)
  region size 2048K, 10 young (20480K), 4 survivors (8192K)
 Metaspace       used 35571K, capacity 35952K, committed 36048K, reserved 1081344K
  class space    used 4361K, capacity 4534K, committed 4608K, reserved 1048576K
}
Event: 1.874 GC heap after
{Heap after GC invocations=5 (full 0):
 garbage-first heap   total 522240K, used 23475K [0x0000000603000000, 0x0000000800000000)
  region size 2048K, 4 young (8192K), 4 survivors (8192K)
 Metaspace       used 35571K, capacity 35952K, committed 36048K, reserved 1081344K
  class space    used 4361K, capacity 4534K, committed 4608K, reserved 1048576K
}
Event: 2.360 GC heap before
{Heap before GC invocations=6 (full 0):
 garbage-first heap   total 522240K, used 64435K [0x0000000603000000, 0x0000000800000000)
  region size 2048K, 24 young (49152K), 4 survivors (8192K)
 Metaspace       used 44041K, capacity 44505K, committed 44624K, reserved 1089536K
  class space    used 5209K, capacity 5419K, committed 5504K, reserved 1048576K
}
Event: 2.367 GC heap after
{Heap after GC invocations=7 (full 0):
 garbage-first heap   total 522240K, used 27113K [0x0000000603000000, 0x0000000800000000)
  region size 2048K, 3 young (6144K), 3 survivors (6144K)
 Metaspace       used 44041K, capacity 44505K, committed 44624K, reserved 1089536K
  class space    used 5209K, capacity 5419K, committed 5504K, reserved 1048576K
}
Event: 3.933 GC heap before
{Heap before GC invocations=7 (full 0):
 garbage-first heap   total 522240K, used 125417K [0x0000000603000000, 0x0000000800000000)
  region size 2048K, 50 young (102400K), 3 survivors (6144K)
 Metaspace       used 51601K, capacity 52162K, committed 52432K, reserved 1095680K
  class space    used 5898K, capacity 6116K, committed 6144K, reserved 1048576K
}

